<?xml version="1.0" encoding="UTF-8"?>
<!-- Generated by org.testng.reporters.JUnitReportReporter -->
<testsuite hostname="Lenovo-PC" failures="0" tests="3" name="runners.RunnerTest" time="162.180" errors="0" timestamp="2025-04-11T18:25:44 IST" skipped="0">
  <testcase classname="runners.RunnerTest" name="runScenario" time="54.992"/>
  <testcase classname="runners.RunnerTest" name="runScenario" time="53.152"/>
  <testcase classname="runners.RunnerTest" name="runScenario" time="54.036"/>
</testsuite> <!-- runners.RunnerTest -->
