<?xml version="1.0" encoding="UTF-8"?>
<!-- Generated by org.testng.reporters.JUnitReportReporter -->
<testsuite hostname="Lenovo-PC" failures="0" tests="4" name="runners.RunnerTest" time="272.556" errors="0" timestamp="2025-04-11T20:38:03 IST" skipped="0">
  <testcase classname="runners.RunnerTest" name="runScenario" time="69.423"/>
  <testcase classname="runners.RunnerTest" name="runScenario" time="65.118"/>
  <testcase classname="runners.RunnerTest" name="runScenario" time="70.085"/>
  <testcase classname="runners.RunnerTest" name="runScenario" time="67.930"/>
</testsuite> <!-- runners.RunnerTest -->
