<?xml version="1.0" encoding="UTF-8"?>
<!-- Generated by org.testng.reporters.JUnitReportReporter -->
<testsuite hostname="Lenovo-PC" failures="0" tests="1" name="runners.RunnerTest" time="38.387" errors="0" timestamp="2025-04-11T16:56:41 IST" skipped="0">
  <testcase classname="runners.RunnerTest" name="runScenario" time="38.387"/>
</testsuite> <!-- runners.RunnerTest -->
