<?xml version="1.0" encoding="UTF-8"?>
<!-- Generated by org.testng.reporters.JUnitReportReporter -->
<testsuite hostname="Lenovo-PC" failures="0" tests="4" name="runners.RunnerTest" time="333.431" errors="0" timestamp="2025-04-12T11:08:26 IST" skipped="0">
  <testcase classname="runners.RunnerTest" name="runScenario" time="81.888"/>
  <testcase classname="runners.RunnerTest" name="runScenario" time="87.795"/>
  <testcase classname="runners.RunnerTest" name="runScenario" time="81.874"/>
  <testcase classname="runners.RunnerTest" name="runScenario" time="81.874"/>
</testsuite> <!-- runners.RunnerTest -->
